<?xml version="1.0" encoding="UTF-8"?>
<!-- Generated by org.testng.reporters.JUnitReportReporter -->
<testsuite hostname="Furkan" failures="0" tests="1" name="insider.testcases.Task3" time="10.589" errors="0" timestamp="2025-06-05T10:02:42 GMT+03:00" skipped="0">
  <testcase classname="insider.testcases.Task3" name="seeAllQA" time="10.589"/>
</testsuite> <!-- insider.testcases.Task3 -->
