<?xml version="1.0" encoding="UTF-8"?>
<!-- Generated by org.testng.reporters.JUnitReportReporter -->
<testsuite hostname="Furkan" failures="0" tests="1" name="insider.testcases.homePageValidation" time="4.330" errors="0" timestamp="2025-06-03T23:01:09 GMT+03:00" skipped="0">
  <testcase classname="insider.testcases.homePageValidation" name="homeValidation" time="4.330"/>
</testsuite> <!-- insider.testcases.homePageValidation -->
