<?xml version="1.0" encoding="UTF-8"?>
<!-- Generated by org.testng.reporters.JUnitReportReporter -->
<testsuite hostname="Furkan" failures="0" tests="1" name="insider.testcases.Task1" time="3.871" errors="0" timestamp="2025-06-05T11:43:02 GMT+03:00" skipped="0">
  <testcase classname="insider.testcases.Task1" name="homeValidation" time="3.871"/>
</testsuite> <!-- insider.testcases.Task1 -->
