<?xml version="1.0" encoding="UTF-8"?>
<!-- Generated by org.testng.reporters.JUnitReportReporter -->
<testsuite hostname="Furkan" failures="0" tests="1" name="insider.testcases.Task4" time="15.709" errors="0" timestamp="2025-06-05T10:23:55 GMT+03:00" skipped="0">
  <testcase classname="insider.testcases.Task4" name="checkJobs" time="15.709"/>
</testsuite> <!-- insider.testcases.Task4 -->
