<?xml version="1.0" encoding="UTF-8"?>
<!-- Generated by org.testng.reporters.JUnitReportReporter -->
<testsuite hostname="Furkan" failures="0" tests="1" name="insider.testcases.Task2" time="5.005" errors="0" timestamp="2025-06-05T11:43:02 GMT+03:00" skipped="0">
  <testcase classname="insider.testcases.Task2" name="companySelection" time="5.005"/>
</testsuite> <!-- insider.testcases.Task2 -->
