<?xml version="1.0" encoding="UTF-8"?>
<!-- Generated by org.testng.reporters.JUnitReportReporter -->
<testsuite hostname="Furkan" failures="0" tests="1" name="insider.testcases.Task5" time="18.793" errors="0" timestamp="2025-06-05T11:53:12 GMT+03:00" skipped="0">
  <testcase classname="insider.testcases.Task5" name="applicationPage" time="18.793"/>
</testsuite> <!-- insider.testcases.Task5 -->
