<?xml version="1.0" encoding="UTF-8"?>
<!-- Generated by org.testng.reporters.JUnitReportReporter -->
<testsuite hostname="Furkan" failures="0" tests="1" name="insider.testcases.Task3" time="20.425" errors="0" timestamp="2025-06-05T09:51:02 GMT+03:00" skipped="0">
  <testcase classname="insider.testcases.Task3" name="seeAllQA" time="20.425"/>
</testsuite> <!-- insider.testcases.Task3 -->
