<?xml version="1.0" encoding="UTF-8"?>
<!-- Generated by org.testng.reporters.JUnitReportReporter -->
<testsuite hostname="Furkan" failures="0" tests="1" name="insider.testcases.homePageValidation" time="3.727" errors="0" timestamp="2025-06-05T09:29:48 GMT+03:00" skipped="0">
  <testcase classname="insider.testcases.homePageValidation" name="homeValidation" time="3.727"/>
</testsuite> <!-- insider.testcases.homePageValidation -->
