<?xml version="1.0" encoding="UTF-8"?>
<!-- Generated by org.testng.reporters.JUnitReportReporter -->
<testsuite hostname="Furkan" failures="0" tests="1" name="insider.testcases.companyMenuSelection" time="5.675" errors="0" timestamp="2025-06-05T09:29:36 GMT+03:00" skipped="0">
  <testcase classname="insider.testcases.companyMenuSelection" name="companySelection" time="5.675"/>
</testsuite> <!-- insider.testcases.companyMenuSelection -->
